% mean class accuracy (train set)	
 5.1222e+01	
 5.2972e+01	
 5.5474e+01	
 5.8262e+01	
 6.0860e+01	
 6.3168e+01	
 6.5068e+01	
 6.6944e+01	
 6.8386e+01	
 7.0144e+01	
 7.1648e+01	
 7.3208e+01	
 7.5518e+01	
 7.7598e+01	
 8.0724e+01	
 8.3624e+01	
 8.6340e+01	
 8.8780e+01	
 9.0806e+01	
 9.2184e+01	
 9.3512e+01	
 9.4422e+01	
 9.5046e+01	
 9.5896e+01	
 9.6102e+01	
 9.6488e+01	
 9.6720e+01	
 9.7106e+01	
 9.7228e+01	
 9.7384e+01	
 9.7540e+01	
 9.7714e+01	
 9.7934e+01	
 9.7956e+01	
 9.8004e+01	
 9.8242e+01	
 9.8342e+01	
 9.8384e+01	
 9.8388e+01	
 9.8454e+01	
 9.8552e+01	
 9.8580e+01	
 9.8580e+01	
 9.8722e+01	
 9.8634e+01	
 9.8848e+01	
 9.8844e+01	
 9.8898e+01	
 9.8966e+01	
 9.8860e+01	
 9.9006e+01	
 9.8916e+01	
 9.9036e+01	
 9.9084e+01	
 9.9060e+01	
 9.9054e+01	
 9.9064e+01	
